Phase III Week 11: Cognitive Systems Integration Test Results
Generated: Sat Aug  9 11:14:38 UTC 2025

Integration Test Summary:
- Overall Success Rate: 87%
- Tests Passed: 7/8
- Attention-Spacetime Integration Score: 0/3
- Resource Management Completeness: 100%
- Coordination Coverage: 5/5
- Performance Integration: 100%

Component Status:
- Attention Tests: 4
- Spacetime Tests: 4  
- Total Tests: 8
- Documentation Files: 132
- Build Integration Score: 3/3

Cross-Component Analysis:
- Shared Concepts: 2/2
- Total Coordination References: 105
- Performance Indicators: 5/5

Next Steps:
- Proceed to final Phase 3 validation if success rate >= 75%
- Address integration issues if success rate < 75%
- Complete comprehensive cognitive system testing
